{
  "RSpec": {
    "coverage": {
      "/Users/danvelozo/Projects/tutorials/rspec-test-examples/spec/support/capybara.rb": {
        "lines": [
          1,
          1,
          5,
          null,
          null,
          1,
          0,
          null,
          null
        ]
      },
      "/Users/danvelozo/Projects/tutorials/rspec-test-examples/spec/support/contexts/project_setup.rb": {
        "lines": [
          1,
          5,
          5,
          2,
          null
        ]
      },
      "/Users/danvelozo/Projects/tutorials/rspec-test-examples/spec/support/vcr.rb": {
        "lines": [
          1,
          null,
          1,
          1,
          1,
          1,
          1,
          null
        ]
      },
      "/Users/danvelozo/Projects/tutorials/rspec-test-examples/spec/support/matchers/content_type.rb": {
        "lines": [
          1,
          2,
          null,
          2,
          null,
          0,
          null,
          null,
          null,
          2,
          0,
          null,
          null,
          null,
          null,
          2,
          0,
          null,
          null,
          null,
          null,
          2,
          null,
          2,
          null,
          null,
          2,
          null,
          null,
          null,
          1
        ]
      },
      "/Users/danvelozo/Projects/tutorials/rspec-test-examples/spec/support/login_support.rb": {
        "lines": [
          1,
          1,
          0,
          0,
          0,
          0,
          0,
          null,
          null,
          null,
          1,
          1,
          null
        ]
      },
      "/Users/danvelozo/Projects/tutorials/rspec-test-examples/spec/support/request_spec_helper.rb": {
        "lines": [
          1,
          1,
          null,
          1,
          8,
          8,
          null,
          null,
          1,
          2,
          null,
          null,
          1,
          0,
          null,
          null,
          1,
          null,
          1,
          2,
          null,
          null
        ]
      },
      "/Users/danvelozo/Projects/tutorials/rspec-test-examples/app/controllers/home_controller.rb": {
        "lines": [
          1,
          null,
          1,
          null,
          1,
          null,
          null
        ]
      },
      "/Users/danvelozo/Projects/tutorials/rspec-test-examples/app/controllers/application_controller.rb": {
        "lines": [
          1,
          1,
          null,
          1,
          null,
          1,
          null,
          1,
          6,
          null,
          null,
          1,
          23,
          5,
          null,
          null,
          null
        ]
      },
      "/Users/danvelozo/Projects/tutorials/rspec-test-examples/spec/controllers/notes_controller_spec.rb": {
        "lines": [
          1,
          null,
          1,
          2,
          2,
          null,
          1,
          null,
          1,
          1,
          1,
          null,
          null,
          1,
          1,
          1,
          null,
          1,
          null,
          null,
          null,
          null
        ]
      },
      "/Users/danvelozo/Projects/tutorials/rspec-test-examples/app/controllers/notes_controller.rb": {
        "lines": [
          1,
          1,
          1,
          1,
          null,
          null,
          null,
          1,
          1,
          null,
          null,
          null,
          null,
          1,
          null,
          null,
          null,
          1,
          1,
          null,
          null,
          null,
          1,
          null,
          null,
          null,
          null,
          1,
          1,
          null,
          1,
          1,
          2,
          1,
          null,
          0,
          0,
          null,
          null,
          null,
          null,
          null,
          null,
          1,
          0,
          0,
          0,
          0,
          null,
          0,
          0,
          null,
          null,
          null,
          null,
          null,
          null,
          1,
          0,
          0,
          0,
          0,
          null,
          null,
          null,
          1,
          null,
          1,
          0,
          null,
          null,
          null,
          1,
          1,
          null,
          null
        ]
      },
      "/Users/danvelozo/Projects/tutorials/rspec-test-examples/spec/controllers/projects_controller_spec.rb": {
        "lines": [
          1,
          null,
          1,
          1,
          1,
          1,
          1,
          null,
          null,
          1,
          1,
          1,
          1,
          1,
          1,
          null,
          null,
          null,
          null,
          1,
          1,
          1,
          1,
          null,
          null,
          1,
          1,
          1,
          null,
          null,
          null,
          null,
          1,
          1,
          1,
          1,
          1,
          null,
          null,
          1,
          1,
          1,
          1,
          null,
          null,
          null,
          1,
          1,
          1,
          1,
          1,
          null,
          null,
          1,
          1,
          1,
          1,
          null,
          null,
          null,
          null,
          1,
          1,
          1,
          2,
          null,
          null,
          1,
          1,
          1,
          1,
          1,
          1,
          null,
          null,
          null,
          null,
          1,
          1,
          1,
          1,
          1,
          1,
          null,
          null,
          null,
          null,
          null,
          1,
          1,
          1,
          1,
          1,
          null,
          null,
          1,
          1,
          1,
          1,
          null,
          null,
          null,
          null,
          1,
          1,
          1,
          1,
          1,
          null,
          null,
          1,
          1,
          null,
          1,
          1,
          1,
          null,
          null,
          null,
          1,
          1,
          2,
          2,
          2,
          null,
          null,
          null,
          null,
          1,
          1,
          null,
          1,
          1,
          1,
          null,
          null,
          1,
          1,
          1,
          1,
          1,
          null,
          null,
          null,
          1,
          1,
          2,
          null,
          null,
          1,
          1,
          1,
          1,
          null,
          null,
          1,
          1,
          1,
          1,
          null,
          null,
          null,
          null,
          1,
          1,
          1,
          1,
          1,
          null,
          null,
          1,
          1,
          1,
          1,
          null,
          null,
          null,
          null,
          1,
          1,
          2,
          2,
          2,
          null,
          null,
          1,
          1,
          1,
          1,
          null,
          null,
          null,
          1,
          1,
          1,
          1,
          null,
          null,
          null,
          1,
          1,
          3,
          null,
          null,
          1,
          1,
          1,
          null,
          null,
          1,
          1,
          1,
          null,
          null,
          1,
          1,
          1,
          null,
          null,
          null,
          null,
          null,
          1,
          1,
          4,
          null,
          1,
          3,
          null,
          null,
          1,
          1,
          3,
          null,
          null,
          null,
          null,
          null,
          1,
          1,
          1,
          null,
          null,
          1,
          1,
          1,
          null,
          null,
          1,
          1,
          1,
          null,
          null,
          null,
          null,
          null,
          null
        ]
      },
      "/Users/danvelozo/Projects/tutorials/rspec-test-examples/app/controllers/projects_controller.rb": {
        "lines": [
          1,
          1,
          null,
          1,
          null,
          null,
          null,
          1,
          4,
          null,
          null,
          null,
          null,
          1,
          null,
          null,
          null,
          1,
          1,
          null,
          null,
          null,
          1,
          null,
          null,
          null,
          null,
          1,
          5,
          null,
          5,
          5,
          6,
          3,
          null,
          4,
          2,
          null,
          null,
          null,
          null,
          null,
          null,
          1,
          1,
          1,
          2,
          1,
          null,
          0,
          0,
          null,
          null,
          null,
          null,
          null,
          null,
          1,
          1,
          1,
          2,
          1,
          null,
          null,
          null,
          1,
          4,
          1,
          null,
          null,
          3,
          null,
          null,
          null,
          1,
          null,
          1,
          17,
          null,
          null,
          null,
          1,
          6,
          null,
          null
        ]
      },
      "/Users/danvelozo/Projects/tutorials/rspec-test-examples/spec/controllers/tasks_controller_spec.rb": {
        "lines": [
          1,
          null,
          1,
          1,
          null,
          1,
          1,
          1,
          1,
          null,
          1,
          null,
          null,
          null,
          1,
          1,
          1,
          1,
          1,
          null,
          1,
          null,
          null,
          1,
          1,
          1,
          1,
          1,
          null,
          null,
          null,
          null,
          1,
          1,
          null,
          1,
          1,
          null,
          null,
          1,
          null,
          null,
          null
        ]
      },
      "/Users/danvelozo/Projects/tutorials/rspec-test-examples/app/controllers/tasks_controller.rb": {
        "lines": [
          1,
          1,
          1,
          1,
          null,
          null,
          null,
          1,
          0,
          null,
          null,
          null,
          null,
          1,
          null,
          null,
          null,
          1,
          0,
          null,
          null,
          null,
          1,
          null,
          null,
          null,
          null,
          1,
          2,
          null,
          2,
          2,
          2,
          4,
          null,
          0,
          0,
          null,
          null,
          null,
          null,
          null,
          null,
          1,
          0,
          0,
          0,
          0,
          null,
          0,
          0,
          null,
          null,
          null,
          null,
          null,
          null,
          1,
          0,
          0,
          0,
          0,
          null,
          null,
          null,
          1,
          0,
          null,
          null,
          1,
          null,
          1,
          1,
          null,
          null,
          null,
          1,
          2,
          null,
          null
        ]
      },
      "/Users/danvelozo/Projects/tutorials/rspec-test-examples/spec/jobs/geocode_user_job_spec.rb": {
        "lines": [
          1,
          null,
          1,
          1,
          1,
          1,
          1,
          null,
          null
        ]
      },
      "/Users/danvelozo/Projects/tutorials/rspec-test-examples/app/jobs/geocode_user_job.rb": {
        "lines": [
          1,
          1,
          null,
          1,
          1,
          null,
          null
        ]
      },
      "/Users/danvelozo/Projects/tutorials/rspec-test-examples/app/jobs/application_job.rb": {
        "lines": [
          1,
          null
        ]
      },
      "/Users/danvelozo/Projects/tutorials/rspec-test-examples/spec/mailers/user_mailer_spec.rb": {
        "lines": [
          1,
          null,
          1,
          1,
          6,
          6,
          null,
          1,
          1,
          null,
          null,
          1,
          1,
          null,
          null,
          1,
          1,
          null,
          null,
          1,
          1,
          null,
          null,
          1,
          1,
          null,
          null,
          null
        ]
      },
      "/Users/danvelozo/Projects/tutorials/rspec-test-examples/app/mailers/user_mailer.rb": {
        "lines": [
          1,
          1,
          null,
          1,
          30,
          30,
          null,
          null
        ]
      },
      "/Users/danvelozo/Projects/tutorials/rspec-test-examples/app/mailers/application_mailer.rb": {
        "lines": [
          1,
          1,
          1,
          null
        ]
      },
      "/Users/danvelozo/Projects/tutorials/rspec-test-examples/spec/models/note_spec.rb": {
        "lines": [
          1,
          null,
          1,
          4,
          4,
          null,
          1,
          1,
          null,
          null,
          null,
          null,
          1,
          null,
          null,
          1,
          1,
          1,
          1,
          null,
          null,
          2,
          null,
          1,
          1,
          2,
          null,
          null,
          null,
          null,
          null,
          null,
          1,
          2,
          null,
          null,
          null,
          null,
          null,
          null,
          1,
          2,
          null,
          null,
          null,
          null,
          null,
          null,
          1,
          1,
          1,
          1,
          null,
          null,
          null,
          1,
          1,
          1,
          1,
          null,
          null,
          null,
          null,
          1,
          1,
          1,
          1,
          1,
          null,
          null
        ]
      },
      "/Users/danvelozo/Projects/tutorials/rspec-test-examples/app/models/note.rb": {
        "lines": [
          1,
          1,
          1,
          null,
          1,
          null,
          1,
          null,
          1,
          3,
          null,
          null,
          1,
          null,
          1,
          null,
          null,
          null,
          null,
          null,
          null,
          null,
          null,
          null
        ]
      },
      "/Users/danvelozo/Projects/tutorials/rspec-test-examples/spec/models/project_spec.rb": {
        "lines": [
          1,
          null,
          1,
          2,
          null,
          1,
          1,
          1,
          1,
          null,
          null,
          1,
          1,
          1,
          null,
          null,
          1,
          1,
          1,
          null,
          null,
          null,
          1,
          1,
          1,
          null,
          null
        ]
      },
      "/Users/danvelozo/Projects/tutorials/rspec-test-examples/app/models/project.rb": {
        "lines": [
          1,
          1,
          null,
          1,
          1,
          1,
          null,
          1,
          3,
          null,
          null
        ]
      },
      "/Users/danvelozo/Projects/tutorials/rspec-test-examples/spec/models/task_spec.rb": {
        "lines": [
          1,
          null,
          1,
          2,
          null,
          1,
          1,
          null,
          null,
          null,
          1,
          null,
          null,
          1,
          1,
          1,
          1,
          null,
          null,
          1,
          1,
          1,
          1,
          null,
          null
        ]
      },
      "/Users/danvelozo/Projects/tutorials/rspec-test-examples/app/models/task.rb": {
        "lines": [
          1,
          1,
          null,
          1,
          1,
          null
        ]
      },
      "/Users/danvelozo/Projects/tutorials/rspec-test-examples/spec/models/user_spec.rb": {
        "lines": [
          null,
          null,
          null,
          null,
          null,
          null,
          null,
          null,
          null,
          null,
          null,
          null,
          null,
          null,
          null,
          null,
          null,
          null,
          null,
          null,
          null,
          null,
          null,
          null,
          null,
          null,
          null,
          null,
          null,
          null,
          null,
          null,
          null,
          null,
          null,
          null,
          null,
          null,
          null,
          null,
          null,
          null,
          null
        ]
      },
      "/Users/danvelozo/Projects/tutorials/rspec-test-examples/spec/requests/home_spec.rb": {
        "lines": [
          1,
          null,
          1,
          1,
          1,
          1,
          1,
          null,
          null
        ]
      },
      "/Users/danvelozo/Projects/tutorials/rspec-test-examples/spec/requests/projects_api_spec.rb": {
        "lines": [
          1,
          null,
          1,
          1,
          1,
          1,
          1,
          null,
          1,
          null,
          null,
          null,
          null,
          1,
          1,
          1,
          1,
          null,
          1,
          null,
          null,
          null,
          null,
          1,
          1,
          1,
          null,
          null,
          null,
          1,
          1,
          1,
          1,
          null,
          1,
          null,
          1,
          1,
          null,
          null,
          null,
          null,
          null,
          null,
          1,
          null,
          null
        ]
      },
      "/Users/danvelozo/Projects/tutorials/rspec-test-examples/spec/requests/projects_spec.rb": {
        "lines": [
          1,
          null,
          1,
          1,
          1,
          2,
          null,
          null,
          1,
          1,
          1,
          1,
          1,
          1,
          null,
          null,
          null,
          null,
          1,
          1,
          1,
          1,
          1,
          1,
          null,
          null,
          null,
          null,
          null
        ]
      },
      "/Users/danvelozo/Projects/tutorials/rspec-test-examples/spec/system/notes_spec.rb": {
        "lines": [
          1,
          null,
          1,
          2,
          1,
          1,
          null,
          null,
          null,
          null,
          1,
          1,
          1,
          1,
          1,
          1,
          1,
          1,
          1,
          1,
          null,
          null
        ]
      },
      "/Users/danvelozo/Projects/tutorials/rspec-test-examples/spec/system/projects_spec.rb": {
        "lines": [
          1,
          null,
          1,
          1,
          1,
          null,
          null,
          null,
          1,
          null,
          1,
          null,
          1,
          1,
          1,
          1,
          1,
          null,
          1,
          1,
          1,
          1,
          null,
          null,
          null,
          null,
          1,
          1,
          1,
          1,
          null,
          1,
          null,
          1,
          null,
          1,
          null,
          1,
          1,
          null,
          1,
          1,
          null,
          null
        ]
      },
      "/Users/danvelozo/Projects/tutorials/rspec-test-examples/spec/system/sign_ins_spec.rb": {
        "lines": [
          1,
          null,
          1,
          2,
          null,
          1,
          1,
          null,
          null,
          1,
          1,
          1,
          1,
          1,
          1,
          null,
          1,
          1,
          null,
          null,
          null
        ]
      },
      "/Users/danvelozo/Projects/tutorials/rspec-test-examples/spec/system/sign_ups_spec.rb": {
        "lines": [
          1,
          null,
          1,
          1,
          null,
          1,
          1,
          1,
          null,
          1,
          1,
          1,
          1,
          1,
          1,
          1,
          1,
          null,
          null,
          1,
          null,
          1,
          1,
          null,
          null,
          1,
          null,
          1,
          1,
          1,
          1,
          1,
          1,
          null,
          null,
          null
        ]
      },
      "/Users/danvelozo/Projects/tutorials/rspec-test-examples/spec/system/tasks_spec.rb": {
        "lines": [
          null,
          null,
          null,
          null,
          null,
          null,
          null,
          null,
          null,
          null,
          null,
          null,
          null,
          null,
          null,
          null,
          null,
          null,
          null,
          null,
          null,
          null,
          null,
          null,
          null,
          null,
          null,
          null,
          null,
          null,
          null,
          null,
          null,
          null,
          null,
          null,
          null,
          null,
          null,
          null,
          null,
          null,
          null,
          null,
          null,
          null,
          null,
          null,
          null
        ]
      },
      "/Users/danvelozo/Projects/tutorials/rspec-test-examples/app/controllers/api/projects_controller.rb": {
        "lines": [
          1,
          1,
          null,
          1,
          null,
          1,
          1,
          1,
          null,
          null,
          1,
          1,
          1,
          null,
          null,
          1,
          1,
          null,
          1,
          1,
          null,
          0,
          null,
          null,
          null,
          1,
          null,
          1,
          3,
          3,
          3,
          3,
          null,
          0,
          0,
          null,
          null,
          null,
          1,
          1,
          null,
          null,
          null
        ]
      },
      "/Users/danvelozo/Projects/tutorials/rspec-test-examples/app/controllers/registrations_controller.rb": {
        "lines": [
          1,
          null,
          1,
          null,
          1,
          1,
          null,
          null,
          null,
          1,
          0,
          null,
          null,
          null
        ]
      }
    },
    "timestamp": 1582050313
  }
}
